0 verbose cli /usr/bin/node /usr/bin/npm
1 info using npm@9.2.0
2 info using node@v18.19.1
3 timing npm:load:whichnode Completed in 0ms
4 timing config:load:defaults Completed in 2ms
5 timing config:load:file:/usr/share/nodejs/npm/npmrc Completed in 4ms
6 timing config:load:builtin Completed in 4ms
7 timing config:load:cli Completed in 3ms
8 timing config:load:env Completed in 0ms
9 timing config:load:project Completed in 1ms
10 timing config:load:file:/root/.npmrc Completed in 1ms
11 timing config:load:user Completed in 1ms
12 timing config:load:file:/etc/npmrc Completed in 0ms
13 timing config:load:global Completed in 1ms
14 timing config:load:setEnvs Completed in 1ms
15 timing config:load Completed in 14ms
16 timing npm:load:configload Completed in 15ms
17 timing npm:load:mkdirpcache Completed in 0ms
18 timing npm:load:mkdirplogs Completed in 2ms
19 verbose title npm audit fix
20 verbose argv "audit" "fix"
21 timing npm:load:setTitle Completed in 2ms
22 timing config:load:flatten Completed in 8ms
23 timing npm:load:display Completed in 9ms
24 verbose logfile logs-max:10 dir:/root/.npm/_logs/2024-07-02T12_32_21_979Z-
25 verbose logfile /root/.npm/_logs/2024-07-02T12_32_21_979Z-debug-0.log
26 timing npm:load:logFile Completed in 10ms
27 timing npm:load:timers Completed in 0ms
28 timing npm:load:configScope Completed in 0ms
29 timing npm:load Completed in 39ms
30 silly logfile start cleaning logs, removing 2 files
31 timing config:load:flatten Completed in 0ms
32 timing arborist:ctor Completed in 1ms
33 timing command:audit Completed in 8ms
34 verbose stack Error: loadVirtual requires existing shrinkwrap file
34 verbose stack     at Arborist.loadVirtual (/usr/share/nodejs/@npmcli/arborist/lib/arborist/load-virtual.js:63:18)
34 verbose stack     at async Arborist.audit (/usr/share/nodejs/@npmcli/arborist/lib/arborist/audit.js:25:18)
34 verbose stack     at async Audit.auditAdvisories (/usr/share/nodejs/npm/lib/commands/audit.js:390:5)
34 verbose stack     at async Audit.exec (/usr/share/nodejs/npm/lib/commands/audit.js:374:7)
34 verbose stack     at async module.exports (/usr/share/nodejs/npm/lib/cli.js:133:5)
35 verbose cwd /root
36 verbose Linux 6.8.0-1008-aws
37 verbose node v18.19.1
38 verbose npm  v9.2.0
39 error code ENOLOCK
40 error audit This command requires an existing lockfile.
41 error audit Try creating one first with: npm i --package-lock-only
42 error audit Original error: loadVirtual requires existing shrinkwrap file
43 verbose exit 1
44 timing npm Completed in 85ms
45 verbose unfinished npm timer audit 1719923542049
46 verbose code 1
47 error A complete log of this run can be found in:
47 error     /root/.npm/_logs/2024-07-02T12_32_21_979Z-debug-0.log
