0 verbose cli /usr/bin/node /usr/bin/npm
1 info using npm@9.2.0
2 info using node@v18.19.1
3 timing npm:load:whichnode Completed in 1ms
4 timing config:load:defaults Completed in 4ms
5 timing config:load:file:/usr/share/nodejs/npm/npmrc Completed in 4ms
6 timing config:load:builtin Completed in 5ms
7 timing config:load:cli Completed in 4ms
8 timing config:load:env Completed in 1ms
9 timing config:load:project Completed in 1ms
10 timing config:load:file:/root/.npmrc Completed in 3ms
11 timing config:load:user Completed in 3ms
12 timing config:load:file:/etc/npmrc Completed in 0ms
13 timing config:load:global Completed in 1ms
14 timing config:load:setEnvs Completed in 2ms
15 timing config:load Completed in 21ms
16 timing npm:load:configload Completed in 21ms
17 timing npm:load:mkdirpcache Completed in 1ms
18 timing npm:load:mkdirplogs Completed in 0ms
19 verbose title npm install
20 verbose argv "install" "--package-lock-only"
21 timing npm:load:setTitle Completed in 2ms
22 timing config:load:flatten Completed in 6ms
23 timing npm:load:display Completed in 9ms
24 verbose logfile logs-max:10 dir:/root/.npm/_logs/2024-07-02T12_33_42_854Z-
25 verbose logfile /root/.npm/_logs/2024-07-02T12_33_42_854Z-debug-0.log
26 timing npm:load:logFile Completed in 14ms
27 timing npm:load:timers Completed in 0ms
28 timing npm:load:configScope Completed in 0ms
29 timing npm:load Completed in 48ms
30 silly logfile start cleaning logs, removing 2 files
31 timing config:load:flatten Completed in 2ms
32 timing arborist:ctor Completed in 1ms
33 timing arborist:ctor Completed in 0ms
34 silly logfile done cleaning log files
35 timing idealTree:init Completed in 34ms
36 timing idealTree:userRequests Completed in 0ms
37 silly idealTree buildDeps
38 timing idealTree:#root Completed in 1ms
39 timing idealTree:buildDeps Completed in 2ms
40 timing idealTree:fixDepFlags Completed in 1ms
41 timing idealTree Completed in 38ms
42 timing reify:loadTrees Completed in 39ms
43 timing reify:save Completed in 3ms
44 timing reify Completed in 82ms
45 timing command:install Completed in 92ms
46 verbose stack Error: ENOENT: no such file or directory, open '/root/package.json'
47 verbose cwd /root
48 verbose Linux 6.8.0-1008-aws
49 verbose node v18.19.1
50 verbose npm  v9.2.0
51 error code ENOENT
52 error syscall open
53 error path /root/package.json
54 error errno -2
55 error enoent ENOENT: no such file or directory, open '/root/package.json'
56 error enoent This is related to npm not being able to find a file.
56 error enoent
57 verbose exit -2
58 timing npm Completed in 204ms
59 verbose code -2
60 error A complete log of this run can be found in:
60 error     /root/.npm/_logs/2024-07-02T12_33_42_854Z-debug-0.log
