0 verbose cli /usr/bin/node /usr/bin/npm
1 info using npm@9.2.0
2 info using node@v18.19.1
3 timing npm:load:whichnode Completed in 1ms
4 timing config:load:defaults Completed in 2ms
5 timing config:load:file:/usr/share/nodejs/npm/npmrc Completed in 4ms
6 timing config:load:builtin Completed in 5ms
7 timing config:load:cli Completed in 5ms
8 timing config:load:env Completed in 0ms
9 timing config:load:project Completed in 2ms
10 timing config:load:file:/root/.npmrc Completed in 1ms
11 timing config:load:user Completed in 1ms
12 timing config:load:file:/etc/npmrc Completed in 1ms
13 timing config:load:global Completed in 1ms
14 timing config:load:setEnvs Completed in 2ms
15 timing config:load Completed in 19ms
16 timing npm:load:configload Completed in 19ms
17 timing npm:load:mkdirpcache Completed in 0ms
18 timing npm:load:mkdirplogs Completed in 1ms
19 verbose title npm audit fix
20 verbose argv "audit" "fix" "--force"
21 timing npm:load:setTitle Completed in 2ms
22 timing config:load:flatten Completed in 6ms
23 timing npm:load:display Completed in 8ms
24 verbose logfile logs-max:10 dir:/root/.npm/_logs/2024-07-02T12_32_34_199Z-
25 verbose logfile /root/.npm/_logs/2024-07-02T12_32_34_199Z-debug-0.log
26 timing npm:load:logFile Completed in 11ms
27 timing npm:load:timers Completed in 1ms
28 timing npm:load:configScope Completed in 0ms
29 warn using --force Recommended protections disabled.
30 timing npm:load Completed in 45ms
31 silly logfile start cleaning logs, removing 2 files
32 timing config:load:flatten Completed in 1ms
33 timing arborist:ctor Completed in 1ms
34 timing command:audit Completed in 8ms
35 verbose stack Error: loadVirtual requires existing shrinkwrap file
35 verbose stack     at Arborist.loadVirtual (/usr/share/nodejs/@npmcli/arborist/lib/arborist/load-virtual.js:63:18)
35 verbose stack     at async Arborist.audit (/usr/share/nodejs/@npmcli/arborist/lib/arborist/audit.js:25:18)
35 verbose stack     at async Audit.auditAdvisories (/usr/share/nodejs/npm/lib/commands/audit.js:390:5)
35 verbose stack     at async Audit.exec (/usr/share/nodejs/npm/lib/commands/audit.js:374:7)
35 verbose stack     at async module.exports (/usr/share/nodejs/npm/lib/cli.js:133:5)
36 verbose cwd /root
37 verbose Linux 6.8.0-1008-aws
38 verbose node v18.19.1
39 verbose npm  v9.2.0
40 error code ENOLOCK
41 error audit This command requires an existing lockfile.
42 error audit Try creating one first with: npm i --package-lock-only
43 error audit Original error: loadVirtual requires existing shrinkwrap file
44 verbose exit 1
45 timing npm Completed in 106ms
46 verbose unfinished npm timer audit 1719923554280
47 verbose code 1
48 error A complete log of this run can be found in:
48 error     /root/.npm/_logs/2024-07-02T12_32_34_199Z-debug-0.log
